TN:
SF:src/modules/appointments/services/CreateAppointmentService.ts
FN:15,(anonymous_18)
FN:16,CreateAppointmentService
FN:24,(anonymous_20)
FNF:3
FNH:3
FNDA:1,(anonymous_18)
FNDA:5,CreateAppointmentService
FNDA:7,(anonymous_20)
DA:1,1
DA:2,1
DA:4,1
DA:15,1
DA:18,5
DA:21,5
DA:24,1
DA:25,7
DA:26,7
DA:27,7
DA:29,7
DA:31,7
DA:32,3
DA:37,4
DA:38,1
DA:40,3
DA:41,1
DA:45,2
DA:48,2
DA:49,0
DA:51,2
DA:57,2
DA:62,4
DA:66,2
DA:68,1
DA:69,1
LF:26
LH:25
BRDA:31,0,0,3
BRDA:31,0,1,4
BRDA:37,1,0,1
BRDA:37,1,1,3
BRDA:40,2,0,1
BRDA:40,2,1,2
BRDA:40,3,0,3
BRDA:40,3,1,2
BRDA:48,4,0,0
BRDA:48,4,1,2
BRF:10
BRH:9
end_of_record
TN:
SF:src/modules/appointments/services/ListProviderDayAvailabityService.ts
FN:14,(anonymous_18)
FN:15,ListProviderDayAvailabityService
FN:23,(anonymous_20)
FN:44,(anonymous_23)
FN:48,(anonymous_24)
FN:50,(anonymous_25)
FNF:6
FNH:6
FNDA:1,(anonymous_18)
FNDA:1,ListProviderDayAvailabityService
FNDA:1,(anonymous_20)
FNDA:10,(anonymous_23)
FNDA:10,(anonymous_24)
FNDA:27,(anonymous_25)
DA:2,1
DA:3,1
DA:4,1
DA:14,1
DA:17,1
DA:20,1
DA:23,1
DA:24,1
DA:25,1
DA:26,1
DA:27,1
DA:29,1
DA:30,1
DA:31,0
DA:33,1
DA:42,1
DA:44,10
DA:46,1
DA:48,1
DA:49,10
DA:50,27
DA:53,10
DA:55,10
DA:61,1
DA:63,1
DA:65,1
LF:26
LH:25
BRDA:29,0,0,1
BRDA:30,1,0,0
BRDA:30,1,1,1
BRDA:58,2,0,10
BRDA:58,2,1,7
BRF:5
BRH:4
end_of_record
TN:
SF:src/modules/appointments/services/ListProviderMonthAvailabityService.ts
FN:17,(anonymous_17)
FN:18,ListProviderMonthAvailabityService
FN:23,(anonymous_19)
FN:38,(anonymous_22)
FN:40,(anonymous_23)
FN:42,(anonymous_24)
FNF:6
FNH:6
FNDA:1,(anonymous_17)
FNDA:1,ListProviderMonthAvailabityService
FNDA:1,(anonymous_19)
FNDA:30,(anonymous_22)
FNDA:30,(anonymous_23)
FNDA:330,(anonymous_24)
DA:1,1
DA:2,1
DA:17,1
DA:20,1
DA:23,1
DA:24,1
DA:25,1
DA:26,1
DA:28,1
DA:35,1
DA:36,1
DA:38,30
DA:40,1
DA:41,30
DA:43,330
DA:46,30
DA:51,1
DA:53,1
DA:55,1
LF:19
LH:19
BRDA:28,0,0,1
BRF:1
BRH:1
end_of_record
TN:
SF:src/modules/appointments/services/ListProvidersAppointmentsService.ts
FN:13,(anonymous_17)
FN:14,ListProvidersAppointmentsService
FN:19,(anonymous_19)
FNF:3
FNH:3
FNDA:1,(anonymous_17)
FNDA:1,ListProvidersAppointmentsService
FNDA:1,(anonymous_19)
DA:1,1
DA:13,1
DA:16,1
DA:19,1
DA:20,1
DA:21,1
DA:22,1
DA:23,1
DA:25,1
DA:33,1
DA:35,1
DA:37,1
LF:12
LH:12
BRDA:25,0,0,1
BRF:1
BRH:1
end_of_record
TN:
SF:src/modules/appointments/services/ListProvidersService.ts
FN:11,(anonymous_18)
FN:12,ListProvidersService
FN:17,(anonymous_20)
FNF:3
FNH:3
FNDA:1,(anonymous_18)
FNDA:1,ListProvidersService
FNDA:1,(anonymous_20)
DA:3,1
DA:4,1
DA:11,1
DA:14,1
DA:17,1
DA:18,1
DA:21,1
DA:22,0
DA:24,1
DA:26,1
DA:28,1
LF:11
LH:10
BRDA:18,0,0,1
BRDA:21,1,0,0
BRDA:21,1,1,1
BRF:3
BRH:2
end_of_record
TN:
SF:src/modules/users/services/AuthenticateUserService.ts
FN:19,(anonymous_18)
FN:20,AuthenticateUserService
FN:28,(anonymous_20)
FNF:3
FNH:3
FNDA:1,(anonymous_18)
FNDA:3,AuthenticateUserService
FNDA:3,(anonymous_20)
DA:1,1
DA:2,1
DA:4,1
DA:5,1
DA:19,1
DA:22,3
DA:25,3
DA:28,3
DA:29,3
DA:30,3
DA:31,1
DA:33,2
DA:37,2
DA:38,1
DA:40,1
DA:41,1
DA:45,1
DA:50,1
DA:52,1
LF:19
LH:19
BRDA:29,0,0,3
BRDA:30,1,0,1
BRDA:30,1,1,2
BRDA:37,2,0,1
BRDA:37,2,1,1
BRF:5
BRH:5
end_of_record
TN:
SF:src/modules/users/services/CreateUserService.ts
FN:14,(anonymous_18)
FN:15,CreateUserService
FN:23,(anonymous_20)
FNF:3
FNH:3
FNDA:3,(anonymous_18)
FNDA:8,CreateUserService
FNDA:6,(anonymous_20)
DA:1,3
DA:3,3
DA:14,3
DA:17,8
DA:20,8
DA:23,6
DA:24,6
DA:25,6
DA:26,1
DA:31,5
DA:32,5
DA:37,5
DA:39,3
DA:40,3
LF:14
LH:14
BRDA:24,0,0,6
BRDA:25,1,0,1
BRDA:25,1,1,5
BRF:3
BRH:3
end_of_record
TN:
SF:src/modules/users/services/ResetPasswordService.ts
FN:14,(anonymous_18)
FN:15,ResetPasswordService
FN:26,(anonymous_20)
FNF:3
FNH:3
FNDA:1,(anonymous_18)
FNDA:4,ResetPasswordService
FNDA:4,(anonymous_20)
DA:1,1
DA:2,1
DA:3,1
DA:14,1
DA:17,4
DA:20,4
DA:23,4
DA:26,4
DA:27,4
DA:29,4
DA:30,1
DA:32,3
DA:33,3
DA:34,1
DA:36,2
DA:38,2
DA:39,2
DA:41,2
DA:42,1
DA:45,1
DA:47,1
DA:48,1
LF:22
LH:22
BRDA:27,0,0,4
BRDA:29,1,0,1
BRDA:29,1,1,3
BRDA:33,2,0,1
BRDA:33,2,1,2
BRDA:41,3,0,1
BRDA:41,3,1,1
BRF:7
BRH:7
end_of_record
TN:
SF:src/modules/users/services/SendForgotPasswordEmailService.ts
FN:13,(anonymous_18)
FN:14,SendForgotPasswordEmailService
FN:25,(anonymous_20)
FNF:3
FNH:3
FNDA:1,(anonymous_18)
FNDA:3,SendForgotPasswordEmailService
FNDA:3,(anonymous_20)
DA:2,1
DA:3,1
DA:4,1
DA:13,1
DA:16,3
DA:19,3
DA:22,3
DA:25,3
DA:26,3
DA:27,3
DA:28,1
DA:30,2
DA:32,2
DA:39,4
DA:55,1
DA:56,1
LF:16
LH:16
BRDA:26,0,0,3
BRDA:27,1,0,1
BRDA:27,1,1,2
BRF:3
BRH:3
end_of_record
TN:
SF:src/modules/users/services/ShowProfileService.ts
FN:11,(anonymous_18)
FN:12,ShowProfileService
FN:17,(anonymous_20)
FNF:3
FNH:3
FNDA:1,(anonymous_18)
FNDA:2,ShowProfileService
FNDA:2,(anonymous_20)
DA:1,1
DA:2,1
DA:11,1
DA:14,2
DA:17,2
DA:18,2
DA:19,2
DA:20,1
DA:22,1
DA:24,1
DA:25,1
LF:11
LH:11
BRDA:18,0,0,2
BRDA:19,1,0,1
BRDA:19,1,1,1
BRF:3
BRH:3
end_of_record
TN:
SF:src/modules/users/services/UpdateProfileService.ts
FN:16,(anonymous_18)
FN:17,UpdateProfileService
FN:25,(anonymous_20)
FNF:3
FNH:3
FNDA:1,(anonymous_18)
FNDA:6,UpdateProfileService
FNDA:6,(anonymous_20)
DA:1,1
DA:4,1
DA:16,1
DA:19,6
DA:22,6
DA:25,1
DA:26,6
DA:27,6
DA:28,6
DA:29,6
DA:30,6
DA:32,6
DA:33,6
DA:34,1
DA:36,5
DA:39,5
DA:40,1
DA:43,4
DA:44,4
DA:45,4
DA:46,1
DA:51,3
DA:52,3
DA:56,3
DA:57,1
DA:59,2
DA:62,2
DA:64,1
DA:65,1
LF:29
LH:29
BRDA:32,0,0,6
BRDA:33,1,0,1
BRDA:33,1,1,5
BRDA:39,2,0,1
BRDA:39,2,1,4
BRDA:39,3,0,5
BRDA:39,3,1,1
BRDA:45,4,0,1
BRDA:45,4,1,3
BRDA:45,5,0,4
BRDA:45,5,1,4
BRDA:51,6,0,0
BRDA:51,6,1,3
BRDA:51,7,0,3
BRDA:51,7,1,3
BRDA:56,8,0,1
BRDA:56,8,1,2
BRF:17
BRH:16
end_of_record
TN:
SF:src/modules/users/services/UpdateUsersAvatarService.ts
FN:13,(anonymous_18)
FN:14,UpdateUsersAvatarService
FN:22,(anonymous_20)
FNF:3
FNH:3
FNDA:1,(anonymous_18)
FNDA:3,UpdateUsersAvatarService
FNDA:4,(anonymous_20)
DA:1,1
DA:4,1
DA:13,1
DA:16,3
DA:19,3
DA:22,4
DA:23,4
DA:24,4
DA:25,1
DA:30,5
DA:31,2
DA:33,6
DA:34,3
DA:35,6
DA:36,3
DA:38,1
DA:39,1
LF:17
LH:17
BRDA:23,0,0,4
BRDA:23,0,1,3
BRDA:24,1,0,1
BRDA:24,1,1,3
BRDA:30,2,0,2
BRDA:30,2,1,1
BRF:6
BRH:6
end_of_record
